<?xml version="1.0" encoding="UTF-8"?>
<testsuite xmlns:xsi="http://www.w3.org/2001/XMLSchema-instance" xsi:noNamespaceSchemaLocation="https://maven.apache.org/surefire/maven-surefire-plugin/xsd/surefire-test-report.xsd" version="3.0.1" name="net.dialectech.f2aApplication.AppTest" time="0.042" tests="1" errors="0" skipped="0" failures="0">
  <properties>
    <property name="java.specification.version" value="21"/>
    <property name="sun.cpu.isalist" value="amd64"/>
    <property name="sun.jnu.encoding" value="MS932"/>
    <property name="java.class.path" value="C:\Users\ji1bxm-n\git\f2a\target\test-classes;C:\Users\ji1bxm-n\git\f2a\target\classes;C:\Users\ji1bxm-n\.m2\repository\org\junit\jupiter\junit-jupiter-api\5.11.0\junit-jupiter-api-5.11.0.jar;C:\Users\ji1bxm-n\.m2\repository\org\opentest4j\opentest4j\1.3.0\opentest4j-1.3.0.jar;C:\Users\ji1bxm-n\.m2\repository\org\junit\platform\junit-platform-commons\1.11.0\junit-platform-commons-1.11.0.jar;C:\Users\ji1bxm-n\.m2\repository\org\apiguardian\apiguardian-api\1.1.2\apiguardian-api-1.1.2.jar;C:\Users\ji1bxm-n\.m2\repository\org\junit\jupiter\junit-jupiter-params\5.11.0\junit-jupiter-params-5.11.0.jar;C:\Users\ji1bxm-n\.m2\repository\org\openjfx\javafx-controls\21.0.4\javafx-controls-21.0.4.jar;C:\Users\ji1bxm-n\.m2\repository\org\openjfx\javafx-controls\21.0.4\javafx-controls-21.0.4-win.jar;C:\Users\ji1bxm-n\.m2\repository\org\openjfx\javafx-fxml\21.0.4\javafx-fxml-21.0.4.jar;C:\Users\ji1bxm-n\.m2\repository\org\openjfx\javafx-fxml\21.0.4\javafx-fxml-21.0.4-win.jar;C:\Users\ji1bxm-n\.m2\repository\org\openjfx\javafx-graphics\21.0.4\javafx-graphics-21.0.4.jar;C:\Users\ji1bxm-n\.m2\repository\org\openjfx\javafx-graphics\21.0.4\javafx-graphics-21.0.4-win.jar;C:\Users\ji1bxm-n\.m2\repository\org\openjfx\javafx-base\21.0.4\javafx-base-21.0.4.jar;C:\Users\ji1bxm-n\.m2\repository\org\openjfx\javafx-base\21.0.4\javafx-base-21.0.4-win.jar;C:\Users\ji1bxm-n\.m2\repository\com\fazecast\jSerialComm\2.11.0\jSerialComm-2.11.0.jar;C:\Users\ji1bxm-n\.m2\repository\org\projectlombok\lombok\1.18.34\lombok-1.18.34.jar;"/>
    <property name="java.vm.vendor" value="Oracle Corporation"/>
    <property name="sun.arch.data.model" value="64"/>
    <property name="user.variant" value=""/>
    <property name="java.vendor.url" value="https://java.oracle.com/"/>
    <property name="user.timezone" value="Asia/Tokyo"/>
    <property name="os.name" value="Windows 10"/>
    <property name="java.vm.specification.version" value="21"/>
    <property name="sun.java.launcher" value="SUN_STANDARD"/>
    <property name="user.country" value="JP"/>
    <property name="sun.boot.library.path" value="C:\Program Files\jdk-21.0.1\bin"/>
    <property name="sun.java.command" value="C:\Users\ji1bxm-n\AppData\Local\Temp\surefire12862677990834083115\surefirebooter-20241001071039041_3.jar C:\Users\ji1bxm-n\AppData\Local\Temp\surefire12862677990834083115 2024-10-01T07-10-38_863-jvmRun1 surefire-20241001071039041_1tmp surefire_0-20241001071039041_2tmp"/>
    <property name="jdk.debug" value="release"/>
    <property name="surefire.test.class.path" value="C:\Users\ji1bxm-n\git\f2a\target\test-classes;C:\Users\ji1bxm-n\git\f2a\target\classes;C:\Users\ji1bxm-n\.m2\repository\org\junit\jupiter\junit-jupiter-api\5.11.0\junit-jupiter-api-5.11.0.jar;C:\Users\ji1bxm-n\.m2\repository\org\opentest4j\opentest4j\1.3.0\opentest4j-1.3.0.jar;C:\Users\ji1bxm-n\.m2\repository\org\junit\platform\junit-platform-commons\1.11.0\junit-platform-commons-1.11.0.jar;C:\Users\ji1bxm-n\.m2\repository\org\apiguardian\apiguardian-api\1.1.2\apiguardian-api-1.1.2.jar;C:\Users\ji1bxm-n\.m2\repository\org\junit\jupiter\junit-jupiter-params\5.11.0\junit-jupiter-params-5.11.0.jar;C:\Users\ji1bxm-n\.m2\repository\org\openjfx\javafx-controls\21.0.4\javafx-controls-21.0.4.jar;C:\Users\ji1bxm-n\.m2\repository\org\openjfx\javafx-controls\21.0.4\javafx-controls-21.0.4-win.jar;C:\Users\ji1bxm-n\.m2\repository\org\openjfx\javafx-fxml\21.0.4\javafx-fxml-21.0.4.jar;C:\Users\ji1bxm-n\.m2\repository\org\openjfx\javafx-fxml\21.0.4\javafx-fxml-21.0.4-win.jar;C:\Users\ji1bxm-n\.m2\repository\org\openjfx\javafx-graphics\21.0.4\javafx-graphics-21.0.4.jar;C:\Users\ji1bxm-n\.m2\repository\org\openjfx\javafx-graphics\21.0.4\javafx-graphics-21.0.4-win.jar;C:\Users\ji1bxm-n\.m2\repository\org\openjfx\javafx-base\21.0.4\javafx-base-21.0.4.jar;C:\Users\ji1bxm-n\.m2\repository\org\openjfx\javafx-base\21.0.4\javafx-base-21.0.4-win.jar;C:\Users\ji1bxm-n\.m2\repository\com\fazecast\jSerialComm\2.11.0\jSerialComm-2.11.0.jar;C:\Users\ji1bxm-n\.m2\repository\org\projectlombok\lombok\1.18.34\lombok-1.18.34.jar;"/>
    <property name="sun.cpu.endian" value="little"/>
    <property name="user.home" value="C:\Users\ji1bxm-n"/>
    <property name="user.language" value="ja"/>
    <property name="java.specification.vendor" value="Oracle Corporation"/>
    <property name="java.version.date" value="2023-10-17"/>
    <property name="java.home" value="C:\Program Files\jdk-21.0.1"/>
    <property name="file.separator" value="\"/>
    <property name="basedir" value="C:\Users\ji1bxm-n\git\f2a"/>
    <property name="style.color" value="always"/>
    <property name="java.vm.compressedOopsMode" value="Zero based"/>
    <property name="line.separator" value="&#10;"/>
    <property name="java.vm.specification.vendor" value="Oracle Corporation"/>
    <property name="java.specification.name" value="Java Platform API Specification"/>
    <property name="surefire.real.class.path" value="C:\Users\ji1bxm-n\AppData\Local\Temp\surefire12862677990834083115\surefirebooter-20241001071039041_3.jar"/>
    <property name="user.script" value=""/>
    <property name="sun.management.compiler" value="HotSpot 64-Bit Tiered Compilers"/>
    <property name="java.runtime.version" value="21.0.1+12-29"/>
    <property name="user.name" value="ji1bxmnn"/>
    <property name="stdout.encoding" value="MS932"/>
    <property name="path.separator" value=";"/>
    <property name="os.version" value="10.0"/>
    <property name="java.runtime.name" value="OpenJDK Runtime Environment"/>
    <property name="file.encoding" value="UTF-8"/>
    <property name="java.vm.name" value="OpenJDK 64-Bit Server VM"/>
    <property name="localRepository" value="C:\Users\ji1bxm-n\.m2\repository"/>
    <property name="java.vendor.url.bug" value="https://bugreport.java.com/bugreport/"/>
    <property name="java.io.tmpdir" value="C:\Users\ji1bxm-n\AppData\Local\Temp\"/>
    <property name="java.version" value="21.0.1"/>
    <property name="user.dir" value="C:\Users\ji1bxm-n\git\f2a"/>
    <property name="os.arch" value="amd64"/>
    <property name="java.vm.specification.name" value="Java Virtual Machine Specification"/>
    <property name="sun.os.patch.level" value=""/>
    <property name="native.encoding" value="MS932"/>
    <property name="java.library.path" value="C:\Program Files\jdk-21.0.1\bin;C:\WINDOWS\Sun\Java\bin;C:\WINDOWS\system32;C:\WINDOWS;C:/Users/ji1bxm-n/Programs/eclipse//plugins/org.eclipse.justj.openjdk.hotspot.jre.full.win32.x86_64_21.0.4.v20240802-1551/jre/bin/server;C:/Users/ji1bxm-n/Programs/eclipse//plugins/org.eclipse.justj.openjdk.hotspot.jre.full.win32.x86_64_21.0.4.v20240802-1551/jre/bin;;C:\Python38\Scripts\;C:\Python38\;C:\Program Files\NVIDIA GPU Computing Toolkit\CUDA\v10.1\bin;C:\Program Files\NVIDIA GPU Computing Toolkit\CUDA\v10.1\libnvvp;C:\Windows\system32;C:\Windows;C:\Windows\System32\Wbem;C:\Windows\System32\WindowsPowerShell\v1.0\;C:\PROGRA~1\JPKI;C:\Program Files (x86)\IVI Foundation\VISA\WinNT\Bin\;C:\Program Files\IVI Foundation\VISA\Win64\Bin\;C:\WINDOWS\system32;C:\WINDOWS;C:\WINDOWS\System32\Wbem;C:\WINDOWS\System32\WindowsPowerShell\v1.0\;C:\WINDOWS\System32\OpenSSH\;C:\Program Files\dotnet\;C:\Program Files\Microsoft SQL Server\130\Tools\Binn\;C:\Program Files\NVIDIA Corporation\Nsight Compute 2019.1\;C:\Program Files (x86)\NVIDIA Corporation\PhysX\Common;C:\Program Files\NVIDIA Corporation\NVIDIA NvDLISR;C:\Program Files (x86)\Microchip\xc8\v2.10\bin;C:\Program Files (x86)\Microchip\xc16\v1.41\bin;C:\Program Files (x86)\Microchip\xc32\v2.30\bin;C:\Program Files (x86)\Microchip\MPLAB C32 Suite\bin;C:\Program Files (x86)\HI-TECH Software\PICC\9.80\bin;C:\Program Files\Git\cmd;C:\Program Files\nodejs\;C:\ProgramData\chocolatey\bin;;C:\WINDOWS\system32;C:\WINDOWS;C:\WINDOWS\System32\Wbem;C:\WINDOWS\System32\WindowsPowerShell\v1.0\;C:\WINDOWS\System32\OpenSSH\;C:\Program Files\Microchip\xc8\v2.32\bin;C:\Program Files\Microchip\xc8\v2.41\bin;C:\Program Files\Microchip\xc8\v2.45\bin;C:\Users\ji1bxm-n\AppData\Local\Microsoft\WindowsApps;C:\Users\ji1bxm-n\AppData\Roaming\npm;C:\Users\ji1bxm-n\AppData\Local\Programs\Microsoft VS Code\bin;;C:\Users\ji1bxm-n\Programs\eclipse;;."/>
    <property name="java.vm.info" value="mixed mode, sharing"/>
    <property name="stderr.encoding" value="MS932"/>
    <property name="java.vendor" value="Oracle Corporation"/>
    <property name="java.vm.version" value="21.0.1+12-29"/>
    <property name="sun.io.unicode.encoding" value="UnicodeLittle"/>
    <property name="java.class.version" value="65.0"/>
  </properties>
  <testcase name="shouldAnswerWithTrue" classname="net.dialectech.f2aApplication.AppTest" time="0.019"/>
</testsuite>